<?xml version="1.0" encoding="UTF-8" ?>
<testsuite tests="9" failures="0" name="co.edu.unicauca.openmarket.domain.service.ProductServiceTest" time="0.008" errors="0" skipped="0">
  <properties>
    <property name="java.runtime.name" value="Java(TM) SE Runtime Environment"/>
    <property name="java.vm.version" value="20+36-2344"/>
    <property name="sun.boot.library.path" value="D:\JDK\bin"/>
    <property name="maven.multiModuleProjectDirectory" value="C:\Users\BRC_X\OneDrive\Escritorio\CrudProducts"/>
    <property name="java.vm.vendor" value="Oracle Corporation"/>
    <property name="java.vendor.url" value="https://java.oracle.com/"/>
    <property name="guice.disable.misplaced.annotation.check" value="true"/>
    <property name="path.separator" value=";"/>
    <property name="java.vm.name" value="Java HotSpot(TM) 64-Bit Server VM"/>
    <property name="sun.os.patch.level" value=""/>
    <property name="user.script" value=""/>
    <property name="user.country" value="CO"/>
    <property name="sun.java.launcher" value="SUN_STANDARD"/>
    <property name="test" value="co.edu.unicauca.openmarket.domain.service.ProductServiceTest"/>
    <property name="java.vm.specification.name" value="Java Virtual Machine Specification"/>
    <property name="user.dir" value="C:\Users\BRC_X\OneDrive\Escritorio\CrudProducts"/>
    <property name="java.vm.compressedOopsMode" value="Zero based"/>
    <property name="java.runtime.version" value="20+36-2344"/>
    <property name="os.arch" value="amd64"/>
    <property name="java.io.tmpdir" value="C:\Users\BRC_X\AppData\Local\Temp\"/>
    <property name="line.separator" value="
"/>
    <property name="java.vm.specification.vendor" value="Oracle Corporation"/>
    <property name="user.variant" value=""/>
    <property name="stderr.encoding" value="Cp1252"/>
    <property name="os.name" value="Windows 10"/>
    <property name="maven.ext.class.path" value="D:\NetBeans-17\netbeans\java\maven-nblib\netbeans-eventspy.jar"/>
    <property name="classworlds.conf" value="D:\NetBeans-17\netbeans\java\maven\bin\m2.conf"/>
    <property name="sun.jnu.encoding" value="Cp1252"/>
    <property name="stdout.encoding" value="Cp1252"/>
    <property name="java.library.path" value="D:\JDK\bin;C:\Windows\Sun\Java\bin;C:\Windows\system32;C:\Windows;C:\Program Files\Common Files\Oracle\Java\javapath;C:\Program Files\Microsoft\jdk-11.0.12.7-hotspot\bin;C:\Program Files (x86)\NVIDIA Corporation\PhysX\Common;C:\Program Files\Microsoft MPI\Bin\;D:\21c\dbhomeXE\bin;C:\Windows\system32;C:\Windows;C:\Windows\System32\Wbem;C:\Windows\System32\WindowsPowerShell\v1.0\;C:\Windows\System32\OpenSSH\;C:\Program Files (x86)\Microsoft SQL Server\150\Tools\Binn\;C:\Program Files\Microsoft SQL Server\150\Tools\Binn\;C:\Program Files (x86)\Microsoft SQL Server\150\DTS\Binn\;C:\Program Files\Microsoft SQL Server\150\DTS\Binn\;C:\Program Files\Microsoft SQL Server\Client SDK\ODBC\170\Tools\Binn\;C:\Program Files\Azure Data Studio\bin;C:\Program Files\dotnet\;D:\apache-maven-3.9.1\bin;D:\Git\cmd;C:\Users\BRC_X\AppData\Local\Microsoft\WindowsApps;;C:\Program Files\Azure Data Studio\bin;C:\Users\BRC_X\.dotnet\tools;D:\Microsoft VS Code\bin;."/>
    <property name="maven.conf" value="D:\NetBeans-17\netbeans\java\maven/conf"/>
    <property name="jdk.debug" value="release"/>
    <property name="java.class.version" value="64.0"/>
    <property name="java.specification.name" value="Java Platform API Specification"/>
    <property name="sun.management.compiler" value="HotSpot 64-Bit Tiered Compilers"/>
    <property name="jpda.listen" value="true"/>
    <property name="os.version" value="10.0"/>
    <property name="library.jansi.path" value="D:\NetBeans-17\netbeans\java\maven\lib\jansi-native"/>
    <property name="jpda.address" value="64303"/>
    <property name="user.home" value="C:\Users\BRC_X"/>
    <property name="user.timezone" value="America/Bogota"/>
    <property name="file.encoding" value="UTF-8"/>
    <property name="java.specification.version" value="20"/>
    <property name="user.name" value="BRC_X"/>
    <property name="java.class.path" value="D:\NetBeans-17\netbeans\java\maven\boot\plexus-classworlds-2.6.0.jar"/>
    <property name="maven.surefire.debug" value="-agentlib:jdwp=transport=dt_socket,server=n,address=64303"/>
    <property name="java.vm.specification.version" value="20"/>
    <property name="sun.arch.data.model" value="64"/>
    <property name="sun.java.command" value="org.codehaus.plexus.classworlds.launcher.Launcher -Dtest=co.edu.unicauca.openmarket.domain.service.ProductServiceTest -DforkMode=once -Dmaven.surefire.debug=-agentlib:jdwp=transport=dt_socket,server=n,address=64303 -Djpda.listen=true -Djpda.address=64303 -Dmaven.ext.class.path=D:\NetBeans-17\netbeans\java\maven-nblib\netbeans-eventspy.jar --no-transfer-progress surefire:test"/>
    <property name="java.home" value="D:\JDK"/>
    <property name="user.language" value="es"/>
    <property name="java.specification.vendor" value="Oracle Corporation"/>
    <property name="java.vm.info" value="mixed mode, sharing"/>
    <property name="java.version" value="20"/>
    <property name="native.encoding" value="Cp1252"/>
    <property name="java.vendor" value="Oracle Corporation"/>
    <property name="maven.home" value="D:\NetBeans-17\netbeans\java\maven"/>
    <property name="file.separator" value="\"/>
    <property name="java.version.date" value="2023-03-21"/>
    <property name="java.vendor.url.bug" value="https://bugreport.java.com/bugreport/"/>
    <property name="forkMode" value="once"/>
    <property name="sun.io.unicode.encoding" value="UnicodeLittle"/>
    <property name="sun.cpu.endian" value="little"/>
    <property name="sun.cpu.isalist" value="amd64"/>
  </properties>
  <testcase classname="co.edu.unicauca.openmarket.domain.service.ProductServiceTest" name="co.edu.unicauca.openmarket.domain.service.ProductServiceTest.testEditProductNotFound" time="0.005"/>
  <testcase classname="co.edu.unicauca.openmarket.domain.service.ProductServiceTest" name="co.edu.unicauca.openmarket.domain.service.ProductServiceTest.testFindAllProducts" time="0"/>
  <testcase classname="co.edu.unicauca.openmarket.domain.service.ProductServiceTest" name="co.edu.unicauca.openmarket.domain.service.ProductServiceTest.testFindProductByIdNotFound" time="0.001"/>
  <testcase classname="co.edu.unicauca.openmarket.domain.service.ProductServiceTest" name="co.edu.unicauca.openmarket.domain.service.ProductServiceTest.testDeleteProductNotFound" time="0"/>
  <testcase classname="co.edu.unicauca.openmarket.domain.service.ProductServiceTest" name="co.edu.unicauca.openmarket.domain.service.ProductServiceTest.testSaveProductInvalidName" time="0"/>
  <testcase classname="co.edu.unicauca.openmarket.domain.service.ProductServiceTest" name="co.edu.unicauca.openmarket.domain.service.ProductServiceTest.testFindProductById" time="0.001"/>
  <testcase classname="co.edu.unicauca.openmarket.domain.service.ProductServiceTest" name="co.edu.unicauca.openmarket.domain.service.ProductServiceTest.testEditProduct" time="0.001"/>
  <testcase classname="co.edu.unicauca.openmarket.domain.service.ProductServiceTest" name="co.edu.unicauca.openmarket.domain.service.ProductServiceTest.testSaveProduct" time="0"/>
  <testcase classname="co.edu.unicauca.openmarket.domain.service.ProductServiceTest" name="co.edu.unicauca.openmarket.domain.service.ProductServiceTest.testDeleteProduct" time="0"/>
</testsuite>